Release 14.7 - ngc2edif P.20131013 (nt64)
Copyright (c) 1995-2013 Xilinx, Inc.  All rights reserved.
Reading design top_processor_FPGA.ngc ...
WARNING:NetListWriters:298 - No output is written to top_processor_FPGA.xncf,
   ignored.
Processing design ...
   Preping design's networks ...
   Preping design's macros ...
WARNING:NetListWriters:306 - Signal bus immediate_sig<10 : 0> on block
   top_processor_FPGA is not reconstructed, because there are some missing bus
   signals.
WARNING:NetListWriters:306 - Signal bus instruction_sig<14 : 3> on block
   top_processor_FPGA is not reconstructed, because there are some missing bus
   signals.
  finished :Prep
Writing EDIF netlist file top_processor_FPGA.edif ...
ngc2edif: Total memory usage is 4313760 kilobytes

Release 14.7 - ngc2edif P.20131013 (nt64)
Copyright (c) 1995-2013 Xilinx, Inc.  All rights reserved.
Reading design Display_Controller.ngc ...
WARNING:NetListWriters:298 - No output is written to Display_Controller.xncf,
   ignored.
Processing design ...
   Preping design's networks ...
   Preping design's macros ...
WARNING:NetListWriters:306 - Signal bus Mcompar_display_mode_cmp_gt0000_lut<12 :
   0> on block Display_Controller is not reconstructed, because there are some
   missing bus signals.
WARNING:NetListWriters:306 - Signal bus seg_dec_1000<7 : 0> on block
   Display_Controller is not reconstructed, because there are some missing bus
   signals.
  finished :Prep
Writing EDIF netlist file Display_Controller.edif ...
ngc2edif: Total memory usage is 4313936 kilobytes

