Running: C:\Xilinx\14.7\ISE_DS\ISE\bin\nt64\unwrapped\fuse.exe -intstyle ise -incremental -o T:/Processor_template/tb_top_processor_isim_beh.exe -prj T:/Processor_template/tb_top_processor_beh.prj work.tb_top_processor 
ISim P.20131013 (signature 0x7708f090)
Number of CPUs detected in this system: 8
Turning on mult-threading, number of parallel sub-compilation jobs: 16 
Determining compilation order of HDL files
Parsing VHDL file "T:/Processor_template/common.vhd" into library work
Parsing VHDL file "T:/Processor_template/Registers.vhd" into library work
Parsing VHDL file "T:/Processor_template/PC.vhd" into library work
Parsing VHDL file "T:/Processor_template/Instructions_ROM.vhd" into library work
Parsing VHDL file "T:/Processor_template/Decoder.vhd" into library work
Parsing VHDL file "T:/Processor_template/Controller.vhd" into library work
Parsing VHDL file "T:/Processor_template/ALU.vhd" into library work
Parsing VHDL file "T:/Processor_template/top_processor.vhd" into library work
Parsing VHDL file "T:/Processor_template/tb_top_processor.vhd" into library work
Starting static elaboration
Completed static elaboration
Compiling package standard
Compiling package std_logic_1164
Compiling package common
Compiling package numeric_std
Compiling architecture behavioral of entity Instructions_ROM [instructions_rom_default]
Compiling architecture behavioral of entity Decoder [decoder_default]
Compiling architecture behavioral of entity Controller [controller_default]
Compiling architecture behavioral of entity PC [pc_default]
Compiling architecture behavioral of entity Registers [registers_default]
Compiling architecture behavioral of entity ALU [alu_default]
Compiling architecture behavioral of entity top_processor [top_processor_default]
Compiling architecture behavior of entity tb_top_processor
Time Resolution for simulation is 1ps.
Waiting for 1 sub-compilation(s) to finish...
Compiled 19 VHDL Units
Built simulation executable T:/Processor_template/tb_top_processor_isim_beh.exe
Fuse Memory Usage: 37508 KB
Fuse CPU Usage: 1827 ms
